Determining if the pthread_create exist failed with the following output:
Change Dir: /home/matteo/catkin_ws/src/git/ORB_SLAM2/Examples/ROS/ORB_SLAM2/build/CMakeFiles/CMakeTmp

Run Build Command:"/usr/bin/make" "cmTC_03c6f/fast"
/usr/bin/make -f CMakeFiles/cmTC_03c6f.dir/build.make CMakeFiles/cmTC_03c6f.dir/build
make[1]: ingresso nella directory "/home/matteo/catkin_ws/src/git/ORB_SLAM2/Examples/ROS/ORB_SLAM2/build/CMakeFiles/CMakeTmp"
Building C object CMakeFiles/cmTC_03c6f.dir/CheckSymbolExists.c.o
/usr/bin/cc     -o CMakeFiles/cmTC_03c6f.dir/CheckSymbolExists.c.o   -c /home/matteo/catkin_ws/src/git/ORB_SLAM2/Examples/ROS/ORB_SLAM2/build/CMakeFiles/CMakeTmp/CheckSymbolExists.c
Linking C executable cmTC_03c6f
/usr/bin/cmake -E cmake_link_script CMakeFiles/cmTC_03c6f.dir/link.txt --verbose=1
/usr/bin/cc       CMakeFiles/cmTC_03c6f.dir/CheckSymbolExists.c.o  -o cmTC_03c6f -rdynamic 
CMakeFiles/cmTC_03c6f.dir/CheckSymbolExists.c.o: nella funzione "main":
CheckSymbolExists.c:(.text+0x16): riferimento non definito a "pthread_create"
collect2: error: ld returned 1 exit status
CMakeFiles/cmTC_03c6f.dir/build.make:97: set di istruzioni per l'obiettivo "cmTC_03c6f" non riuscito
make[1]: *** [cmTC_03c6f] Errore 1
make[1]: uscita dalla directory "/home/matteo/catkin_ws/src/git/ORB_SLAM2/Examples/ROS/ORB_SLAM2/build/CMakeFiles/CMakeTmp"
Makefile:126: set di istruzioni per l'obiettivo "cmTC_03c6f/fast" non riuscito
make: *** [cmTC_03c6f/fast] Errore 2

File /home/matteo/catkin_ws/src/git/ORB_SLAM2/Examples/ROS/ORB_SLAM2/build/CMakeFiles/CMakeTmp/CheckSymbolExists.c:
/* */
#include <pthread.h>

int main(int argc, char** argv)
{
  (void)argv;
#ifndef pthread_create
  return ((int*)(&pthread_create))[argc];
#else
  (void)argc;
  return 0;
#endif
}

Determining if the function pthread_create exists in the pthreads failed with the following output:
Change Dir: /home/matteo/catkin_ws/src/git/ORB_SLAM2/Examples/ROS/ORB_SLAM2/build/CMakeFiles/CMakeTmp

Run Build Command:"/usr/bin/make" "cmTC_52fba/fast"
/usr/bin/make -f CMakeFiles/cmTC_52fba.dir/build.make CMakeFiles/cmTC_52fba.dir/build
make[1]: ingresso nella directory "/home/matteo/catkin_ws/src/git/ORB_SLAM2/Examples/ROS/ORB_SLAM2/build/CMakeFiles/CMakeTmp"
Building C object CMakeFiles/cmTC_52fba.dir/CheckFunctionExists.c.o
/usr/bin/cc    -DCHECK_FUNCTION_EXISTS=pthread_create   -o CMakeFiles/cmTC_52fba.dir/CheckFunctionExists.c.o   -c /usr/share/cmake-3.5/Modules/CheckFunctionExists.c
Linking C executable cmTC_52fba
/usr/bin/cmake -E cmake_link_script CMakeFiles/cmTC_52fba.dir/link.txt --verbose=1
/usr/bin/cc   -DCHECK_FUNCTION_EXISTS=pthread_create    CMakeFiles/cmTC_52fba.dir/CheckFunctionExists.c.o  -o cmTC_52fba -rdynamic -lpthreads 
/usr/bin/ld: impossibile trovare -lpthreads
collect2: error: ld returned 1 exit status
CMakeFiles/cmTC_52fba.dir/build.make:97: set di istruzioni per l'obiettivo "cmTC_52fba" non riuscito
make[1]: *** [cmTC_52fba] Errore 1
make[1]: uscita dalla directory "/home/matteo/catkin_ws/src/git/ORB_SLAM2/Examples/ROS/ORB_SLAM2/build/CMakeFiles/CMakeTmp"
Makefile:126: set di istruzioni per l'obiettivo "cmTC_52fba/fast" non riuscito
make: *** [cmTC_52fba/fast] Errore 2


